<?xml version="1.0" encoding="utf-8"?><testsuites name="pytest tests"><testsuite name="pytest" errors="0" failures="0" skipped="0" tests="10" time="5.566" timestamp="2026-05-14T13:56:33.471904+00:00" hostname="agent-env-62b8a70a-7a1a-4365-a387-448a2c177977"><testcase classname="backend.tests.test_push_and_maxspeed.TestSlidingWindowMaxSpeed" name="test_max_kmh_steady_50_no_glitch" time="1.595" /><testcase classname="backend.tests.test_push_and_maxspeed.TestSlidingWindowMaxSpeed" name="test_max_kmh_resists_single_glitch" time="0.131" /><testcase classname="backend.tests.test_push_and_maxspeed.TestSlidingWindowMaxSpeed" name="test_max_kmh_drops_short_glitch" time="0.248" /><testcase classname="backend.tests.test_push_and_maxspeed.TestPushPublicKey" name="test_public_key_no_auth" time="0.112" /><testcase classname="backend.tests.test_push_and_maxspeed.TestPushSubscribe" name="test_subscribe_requires_auth" time="0.118" /><testcase classname="backend.tests.test_push_and_maxspeed.TestPushSubscribe" name="test_subscribe_ok_and_upsert" time="0.608" /><testcase classname="backend.tests.test_push_and_maxspeed.TestPushSubscribe" name="test_unsubscribe_deletes_doc" time="0.260" /><testcase classname="backend.tests.test_push_and_maxspeed.TestHelpPushDispatch" name="test_help_with_no_subs_returns_promptly" time="1.706" /><testcase classname="backend.tests.test_push_and_maxspeed.TestHelpPushDispatch" name="test_help_prunes_410_endpoint" time="0.358" /><testcase classname="backend.tests.test_push_and_maxspeed.TestHelpPushDispatch" name="test_invalid_help_status_400" time="0.297" /></testsuite></testsuites>