<?xml version="1.0" encoding="utf-8"?><testsuites name="pytest tests"><testsuite name="pytest" errors="0" failures="0" skipped="0" tests="48" time="22.456" timestamp="2026-05-14T13:56:48.471237+00:00" hostname="agent-env-62b8a70a-7a1a-4365-a387-448a2c177977"><testcase classname="backend.tests.test_push_and_maxspeed.TestSlidingWindowMaxSpeed" name="test_max_kmh_steady_50_no_glitch" time="2.027" /><testcase classname="backend.tests.test_push_and_maxspeed.TestSlidingWindowMaxSpeed" name="test_max_kmh_resists_single_glitch" time="0.171" /><testcase classname="backend.tests.test_push_and_maxspeed.TestSlidingWindowMaxSpeed" name="test_max_kmh_drops_short_glitch" time="0.262" /><testcase classname="backend.tests.test_push_and_maxspeed.TestPushPublicKey" name="test_public_key_no_auth" time="0.123" /><testcase classname="backend.tests.test_push_and_maxspeed.TestPushSubscribe" name="test_subscribe_requires_auth" time="0.114" /><testcase classname="backend.tests.test_push_and_maxspeed.TestPushSubscribe" name="test_subscribe_ok_and_upsert" time="0.608" /><testcase classname="backend.tests.test_push_and_maxspeed.TestPushSubscribe" name="test_unsubscribe_deletes_doc" time="0.307" /><testcase classname="backend.tests.test_push_and_maxspeed.TestHelpPushDispatch" name="test_help_with_no_subs_returns_promptly" time="1.692" /><testcase classname="backend.tests.test_push_and_maxspeed.TestHelpPushDispatch" name="test_help_prunes_410_endpoint" time="0.745" /><testcase classname="backend.tests.test_push_and_maxspeed.TestHelpPushDispatch" name="test_invalid_help_status_400" time="0.260" /><testcase classname="backend.tests.test_roadtrip_api.TestAuth" name="test_register_duplicate_400" time="0.466" /><testcase classname="backend.tests.test_roadtrip_api.TestAuth" name="test_invalid_role" time="0.122" /><testcase classname="backend.tests.test_roadtrip_api.TestAuth" name="test_login_bad_password" time="0.346" /><testcase classname="backend.tests.test_roadtrip_api.TestAuth" name="test_me_with_bearer" time="0.495" /><testcase classname="backend.tests.test_roadtrip_api.TestAuth" name="test_me_no_auth_401" time="0.156" /><testcase classname="backend.tests.test_roadtrip_api.TestAuth" name="test_logout_ok" time="0.102" /><testcase classname="backend.tests.test_roadtrip_api.TestEventsAndRegistration" name="test_participant_cannot_create_event" time="0.096" /><testcase classname="backend.tests.test_roadtrip_api.TestEventsAndRegistration" name="test_admin_create_event_with_image" time="0.275" /><testcase classname="backend.tests.test_roadtrip_api.TestEventsAndRegistration" name="test_admin_lists_own_events" time="0.139" /><testcase classname="backend.tests.test_roadtrip_api.TestEventsAndRegistration" name="test_event_by_code" time="0.131" /><testcase classname="backend.tests.test_roadtrip_api.TestEventsAndRegistration" name="test_event_by_code_404" time="0.121" /><testcase classname="backend.tests.test_roadtrip_api.TestEventsAndRegistration" name="test_participant_register_for_event" time="0.253" /><testcase classname="backend.tests.test_roadtrip_api.TestEventsAndRegistration" name="test_register_twice_400" time="0.288" /><testcase classname="backend.tests.test_roadtrip_api.TestEventsAndRegistration" name="test_my_registration" time="0.126" /><testcase classname="backend.tests.test_roadtrip_api.TestEventsAndRegistration" name="test_admin_lists_registrations" time="0.141" /><testcase classname="backend.tests.test_roadtrip_api.TestLocationAndHelp" name="test_owner_updates_location" time="0.230" /><testcase classname="backend.tests.test_roadtrip_api.TestLocationAndHelp" name="test_other_user_cannot_update_location" time="0.120" /><testcase classname="backend.tests.test_roadtrip_api.TestLocationAndHelp" name="test_owner_help_status" time="0.400" /><testcase classname="backend.tests.test_roadtrip_api.TestLocationAndHelp" name="test_admin_can_set_help_for_participant" time="0.136" /><testcase classname="backend.tests.test_roadtrip_api.TestLocationAndHelp" name="test_invalid_help_status" time="0.121" /><testcase classname="backend.tests.test_roadtrip_api.TestFiles" name="test_get_event_image" time="0.239" /><testcase classname="backend.tests.test_roadtrip_api.TestFiles" name="test_missing_file_404" time="1.071" /><testcase classname="backend.tests.test_roadtrip_api.TestNewFeatures" name="test_event_persists_emergency_phone" time="0.370" /><testcase classname="backend.tests.test_roadtrip_api.TestNewFeatures" name="test_help_message_stored_and_returned" time="1.154" /><testcase classname="backend.tests.test_roadtrip_api.TestNewFeatures" name="test_admin_sees_all_events" time="0.594" /><testcase classname="backend.tests.test_roadtrip_api.TestAccountDeletion" name="test_delete_account_logs_out_and_allows_re_register" time="1.122" /><testcase classname="backend.tests.test_roadtrip_api.TestPWAStaticFiles" name="test_manifest_json" time="0.138" /><testcase classname="backend.tests.test_roadtrip_api.TestPWAStaticFiles" name="test_service_worker_js" time="0.123" /><testcase classname="backend.tests.test_roadtrip_api.TestPWAStaticFiles" name="test_icon_svg" time="0.110" /><testcase classname="backend.tests.test_roadtrip_api.TestTracksAndSummary" name="test_location_post_creates_track_rows" time="5.364" /><testcase classname="backend.tests.test_roadtrip_api.TestTracksAndSummary" name="test_haversine_distance_berlin_potsdam" time="0.132" /><testcase classname="backend.tests.test_roadtrip_api.TestTracksAndSummary" name="test_summary_shape_and_no_objectid" time="0.132" /><testcase classname="backend.tests.test_roadtrip_api.TestTracksAndSummary" name="test_summary_other_participant_forbidden" time="0.127" /><testcase classname="backend.tests.test_roadtrip_api.TestTracksAndSummary" name="test_summary_admin_allowed" time="0.131" /><testcase classname="backend.tests.test_roadtrip_api.TestTracksAndSummary" name="test_event_summary_admin_shape_and_sorted" time="0.144" /><testcase classname="backend.tests.test_roadtrip_api.TestTracksAndSummary" name="test_event_summary_participant_forbidden" time="0.232" /><testcase classname="backend.tests.test_roadtrip_api.TestCleanup" name="test_owner_can_self_leave" time="0.246" /><testcase classname="backend.tests.test_roadtrip_api.TestCleanup" name="test_admin_deletes_event_cascades" time="0.253" /></testsuite></testsuites>