<?xml version="1.0" encoding="utf-8"?><testsuites name="pytest tests"><testsuite name="pytest" errors="0" failures="0" skipped="0" tests="38" time="45.508" timestamp="2026-05-13T15:57:39.721117+00:00" hostname="agent-env-62b8a70a-7a1a-4365-a387-448a2c177977"><testcase classname="backend.tests.test_roadtrip_api.TestAuth" name="test_register_duplicate_400" time="0.491" /><testcase classname="backend.tests.test_roadtrip_api.TestAuth" name="test_invalid_role" time="0.121" /><testcase classname="backend.tests.test_roadtrip_api.TestAuth" name="test_login_bad_password" time="0.334" /><testcase classname="backend.tests.test_roadtrip_api.TestAuth" name="test_me_with_bearer" time="0.462" /><testcase classname="backend.tests.test_roadtrip_api.TestAuth" name="test_me_no_auth_401" time="0.115" /><testcase classname="backend.tests.test_roadtrip_api.TestAuth" name="test_logout_ok" time="0.127" /><testcase classname="backend.tests.test_roadtrip_api.TestEventsAndRegistration" name="test_participant_cannot_create_event" time="0.121" /><testcase classname="backend.tests.test_roadtrip_api.TestEventsAndRegistration" name="test_admin_create_event_with_image" time="0.249" /><testcase classname="backend.tests.test_roadtrip_api.TestEventsAndRegistration" name="test_admin_lists_own_events" time="0.114" /><testcase classname="backend.tests.test_roadtrip_api.TestEventsAndRegistration" name="test_event_by_code" time="0.114" /><testcase classname="backend.tests.test_roadtrip_api.TestEventsAndRegistration" name="test_event_by_code_404" time="0.127" /><testcase classname="backend.tests.test_roadtrip_api.TestEventsAndRegistration" name="test_participant_register_for_event" time="0.252" /><testcase classname="backend.tests.test_roadtrip_api.TestEventsAndRegistration" name="test_register_twice_400" time="0.128" /><testcase classname="backend.tests.test_roadtrip_api.TestEventsAndRegistration" name="test_my_registration" time="0.128" /><testcase classname="backend.tests.test_roadtrip_api.TestEventsAndRegistration" name="test_admin_lists_registrations" time="0.119" /><testcase classname="backend.tests.test_roadtrip_api.TestLocationAndHelp" name="test_owner_updates_location" time="0.267" /><testcase classname="backend.tests.test_roadtrip_api.TestLocationAndHelp" name="test_other_user_cannot_update_location" time="0.138" /><testcase classname="backend.tests.test_roadtrip_api.TestLocationAndHelp" name="test_owner_help_status" time="0.536" /><testcase classname="backend.tests.test_roadtrip_api.TestLocationAndHelp" name="test_admin_can_set_help_for_participant" time="0.115" /><testcase classname="backend.tests.test_roadtrip_api.TestLocationAndHelp" name="test_invalid_help_status" time="0.108" /><testcase classname="backend.tests.test_roadtrip_api.TestFiles" name="test_get_event_image" time="0.219" /><testcase classname="backend.tests.test_roadtrip_api.TestFiles" name="test_missing_file_404" time="0.508" /><testcase classname="backend.tests.test_roadtrip_api.TestNewFeatures" name="test_event_persists_emergency_phone" time="0.357" /><testcase classname="backend.tests.test_roadtrip_api.TestNewFeatures" name="test_help_message_stored_and_returned" time="1.090" /><testcase classname="backend.tests.test_roadtrip_api.TestNewFeatures" name="test_admin_sees_all_events" time="0.643" /><testcase classname="backend.tests.test_roadtrip_api.TestAccountDeletion" name="test_delete_account_logs_out_and_allows_re_register" time="0.966" /><testcase classname="backend.tests.test_roadtrip_api.TestPWAStaticFiles" name="test_manifest_json" time="0.123" /><testcase classname="backend.tests.test_roadtrip_api.TestPWAStaticFiles" name="test_service_worker_js" time="0.118" /><testcase classname="backend.tests.test_roadtrip_api.TestPWAStaticFiles" name="test_icon_svg" time="0.113" /><testcase classname="backend.tests.test_roadtrip_api.TestTracksAndSummary" name="test_location_post_creates_track_rows" time="35.583" /><testcase classname="backend.tests.test_roadtrip_api.TestTracksAndSummary" name="test_haversine_distance_berlin_potsdam" time="0.126" /><testcase classname="backend.tests.test_roadtrip_api.TestTracksAndSummary" name="test_summary_shape_and_no_objectid" time="0.150" /><testcase classname="backend.tests.test_roadtrip_api.TestTracksAndSummary" name="test_summary_other_participant_forbidden" time="0.176" /><testcase classname="backend.tests.test_roadtrip_api.TestTracksAndSummary" name="test_summary_admin_allowed" time="0.122" /><testcase classname="backend.tests.test_roadtrip_api.TestTracksAndSummary" name="test_event_summary_admin_shape_and_sorted" time="0.114" /><testcase classname="backend.tests.test_roadtrip_api.TestTracksAndSummary" name="test_event_summary_participant_forbidden" time="0.265" /><testcase classname="backend.tests.test_roadtrip_api.TestCleanup" name="test_owner_can_self_leave" time="0.292" /><testcase classname="backend.tests.test_roadtrip_api.TestCleanup" name="test_admin_deletes_event_cascades" time="0.295" /></testsuite></testsuites>